This is pdfTeX, Version 3.14159265-2.6-1.40.20 (TeX Live 2019/Debian) (preloaded format=pdflatex 2021.9.25)  25 JAN 2022 18:54
entering extended mode
 restricted \write18 enabled.
 %&-line parsing enabled.
**TP1
(./TP1
LaTeX2e <2020-02-02> patch level 2
L3 programming layer <2020-02-14>
(/usr/share/texlive/texmf-dist/tex/latex/base/article.cls
Document Class: article 2019/12/20 v1.4l Standard LaTeX document class
(/usr/share/texlive/texmf-dist/tex/latex/base/size10.clo
File: size10.clo 2019/12/20 v1.4l Standard LaTeX file (size option)
)
\c@part=\count167
\c@section=\count168
\c@subsection=\count169
\c@subsubsection=\count170
\c@paragraph=\count171
\c@subparagraph=\count172
\c@figure=\count173
\c@table=\count174
\abovecaptionskip=\skip47
\belowcaptionskip=\skip48
\bibindent=\dimen134
)
(/usr/share/texlive/texmf-dist/tex/latex/base/inputenc.sty
Package: inputenc 2018/08/11 v1.3c Input encoding file
\inpenc@prehook=\toks14
\inpenc@posthook=\toks15
)
(/usr/share/texlive/texmf-dist/tex/latex/geometry/geometry.sty
Package: geometry 2020/01/02 v5.9 Page Geometry

(/usr/share/texlive/texmf-dist/tex/latex/graphics/keyval.sty
Package: keyval 2014/10/28 v1.15 key=value parser (DPC)
\KV@toks@=\toks16
)
(/usr/share/texlive/texmf-dist/tex/generic/iftex/ifvtex.sty
Package: ifvtex 2019/10/25 v1.7 ifvtex legacy package. Use iftex instead.

(/usr/share/texlive/texmf-dist/tex/generic/iftex/iftex.sty
Package: iftex 2019/11/07 v1.0c TeX engine tests
))
\Gm@cnth=\count175
\Gm@cntv=\count176
\c@Gm@tempcnt=\count177
\Gm@bindingoffset=\dimen135
\Gm@wd@mp=\dimen136
\Gm@odd@mp=\dimen137
\Gm@even@mp=\dimen138
\Gm@layoutwidth=\dimen139
\Gm@layoutheight=\dimen140
\Gm@layouthoffset=\dimen141
\Gm@layoutvoffset=\dimen142
\Gm@dimlist=\toks17
)

Package geometry Warning: Over-specification in `h'-direction.
    `width' (483.69684pt) is ignored.


Package geometry Warning: Over-specification in `v'-direction.
    `height' (731.23582pt) is ignored.

(/usr/share/texlive/texmf-dist/tex/latex/xcolor/xcolor.sty
Package: xcolor 2016/05/11 v2.12 LaTeX color extensions (UK)

(/usr/share/texlive/texmf-dist/tex/latex/graphics-cfg/color.cfg
File: color.cfg 2016/01/02 v1.6 sample color configuration
)
Package xcolor Info: Driver file: pdftex.def on input line 225.

(/usr/share/texlive/texmf-dist/tex/latex/graphics-def/pdftex.def
File: pdftex.def 2018/01/08 v1.0l Graphics/color driver for pdftex
)
Package xcolor Info: Model `cmy' substituted by `cmy0' on input line 1348.
Package xcolor Info: Model `hsb' substituted by `rgb' on input line 1352.
Package xcolor Info: Model `RGB' extended on input line 1364.
Package xcolor Info: Model `HTML' substituted by `rgb' on input line 1366.
Package xcolor Info: Model `Hsb' substituted by `hsb' on input line 1367.
Package xcolor Info: Model `tHsb' substituted by `hsb' on input line 1368.
Package xcolor Info: Model `HSB' substituted by `hsb' on input line 1369.
Package xcolor Info: Model `Gray' substituted by `gray' on input line 1370.
Package xcolor Info: Model `wave' substituted by `hsb' on input line 1371.
)
(/usr/share/texlive/texmf-dist/tex/latex/listings/listings.sty
\lst@mode=\count178
\lst@gtempboxa=\box45
\lst@token=\toks18
\lst@length=\count179
\lst@currlwidth=\dimen143
\lst@column=\count180
\lst@pos=\count181
\lst@lostspace=\dimen144
\lst@width=\dimen145
\lst@newlines=\count182
\lst@lineno=\count183
\lst@maxwidth=\dimen146

(/usr/share/texlive/texmf-dist/tex/latex/listings/lstmisc.sty
File: lstmisc.sty 2019/09/10 1.8c (Carsten Heinz)
\c@lstnumber=\count184
\lst@skipnumbers=\count185
\lst@framebox=\box46
)
(/usr/share/texlive/texmf-dist/tex/latex/listings/listings.cfg
File: listings.cfg 2019/09/10 1.8c listings configuration
))
Package: listings 2019/09/10 1.8c (Carsten Heinz)

(/usr/share/texlive/texmf-dist/tex/latex/base/textcomp.sty
Package: textcomp 2020/02/02 v2.0n Standard LaTeX package
)
(/usr/share/texlive/texmf-dist/tex/latex/graphics/graphicx.sty
Package: graphicx 2019/11/30 v1.2a Enhanced LaTeX Graphics (DPC,SPQR)

(/usr/share/texlive/texmf-dist/tex/latex/graphics/graphics.sty
Package: graphics 2019/11/30 v1.4a Standard LaTeX Graphics (DPC,SPQR)

(/usr/share/texlive/texmf-dist/tex/latex/graphics/trig.sty
Package: trig 2016/01/03 v1.10 sin cos tan (DPC)
)
(/usr/share/texlive/texmf-dist/tex/latex/graphics-cfg/graphics.cfg
File: graphics.cfg 2016/06/04 v1.11 sample graphics configuration
)
Package graphics Info: Driver file: pdftex.def on input line 105.
)
\Gin@req@height=\dimen147
\Gin@req@width=\dimen148
)
(/usr/share/texlive/texmf-dist/tex/latex/l3backend/l3backend-pdfmode.def
File: l3backend-pdfmode.def 2020-02-03 L3 backend support: PDF mode
\l__kernel_color_stack_int=\count186
\l__pdf_internal_box=\box47
)
(./TP1.aux)
\openout1 = `TP1.aux'.

LaTeX Font Info:    Checking defaults for OML/cmm/m/it on input line 55.
LaTeX Font Info:    ... okay on input line 55.
LaTeX Font Info:    Checking defaults for OMS/cmsy/m/n on input line 55.
LaTeX Font Info:    ... okay on input line 55.
LaTeX Font Info:    Checking defaults for OT1/cmr/m/n on input line 55.
LaTeX Font Info:    ... okay on input line 55.
LaTeX Font Info:    Checking defaults for T1/cmr/m/n on input line 55.
LaTeX Font Info:    ... okay on input line 55.
LaTeX Font Info:    Checking defaults for TS1/cmr/m/n on input line 55.
LaTeX Font Info:    ... okay on input line 55.
LaTeX Font Info:    Checking defaults for OMX/cmex/m/n on input line 55.
LaTeX Font Info:    ... okay on input line 55.
LaTeX Font Info:    Checking defaults for U/cmr/m/n on input line 55.
LaTeX Font Info:    ... okay on input line 55.

*geometry* driver: auto-detecting
*geometry* detected driver: pdftex
*geometry* verbose mode - [ preamble ] result:
* driver: pdftex
* paper: a4paper
* layout: <same size as paper>
* layoutoffset:(h,v)=(0.0pt,0.0pt)
* modes: 
* h-part:(L,W,R)=(56.9055pt, 483.69687pt, 56.9055pt)
* v-part:(T,H,B)=(85.35826pt, 674.33032pt, 85.35826pt)
* \paperwidth=597.50787pt
* \paperheight=845.04684pt
* \textwidth=483.69687pt
* \textheight=674.33032pt
* \oddsidemargin=-15.36449pt
* \evensidemargin=-15.36449pt
* \topmargin=-23.91173pt
* \headheight=12.0pt
* \headsep=25.0pt
* \topskip=10.0pt
* \footskip=30.0pt
* \marginparwidth=57.0pt
* \marginparsep=11.0pt
* \columnsep=10.0pt
* \skip\footins=9.0pt plus 4.0pt minus 2.0pt
* \hoffset=0.0pt
* \voffset=0.0pt
* \mag=1000
* \@twocolumnfalse
* \@twosidefalse
* \@mparswitchfalse
* \@reversemarginfalse
* (1in=72.27pt=25.4mm, 1cm=28.453pt)

(/usr/share/texlive/texmf-dist/tex/context/base/mkii/supp-pdf.mkii
[Loading MPS to PDF converter (version 2006.09.02).]
\scratchcounter=\count187
\scratchdimen=\dimen149
\scratchbox=\box48
\nofMPsegments=\count188
\nofMParguments=\count189
\everyMPshowfont=\toks19
\MPscratchCnt=\count190
\MPscratchDim=\dimen150
\MPnumerator=\count191
\makeMPintoPDFobject=\count192
\everyMPtoPDFconversion=\toks20
) (/usr/share/texlive/texmf-dist/tex/latex/epstopdf-pkg/epstopdf-base.sty
Package: epstopdf-base 2020-01-24 v2.11 Base part for package epstopdf
Package epstopdf-base Info: Redefining graphics rule for `.eps' on input line 4
85.

(/usr/share/texlive/texmf-dist/tex/latex/latexconfig/epstopdf-sys.cfg
File: epstopdf-sys.cfg 2010/07/13 v1.3 Configuration of (r)epstopdf for TeX Liv
e
))
\c@lstlisting=\count193
LaTeX Font Info:    External font `cmex10' loaded for size
(Font)              <12> on input line 57.
LaTeX Font Info:    External font `cmex10' loaded for size
(Font)              <8> on input line 57.
LaTeX Font Info:    External font `cmex10' loaded for size
(Font)              <6> on input line 57.

[1

{/var/lib/texmf/fonts/map/pdftex/updmap/pdftex.map}]
(/usr/share/texlive/texmf-dist/tex/latex/listings/lstlang1.sty
File: lstlang1.sty 2019/09/10 1.8c listings language file
)
LaTeX Font Info:    Trying to load font information for TS1+cmtt on input line 
73.

(/usr/share/texlive/texmf-dist/tex/latex/base/ts1cmtt.fd
File: ts1cmtt.fd 2019/12/16 v2.5j Standard LaTeX font definitions
)
Underfull \hbox (badness 10000) in paragraph at lines 81--83

 []

LaTeX Font Info:    External font `cmex10' loaded for size
(Font)              <7> on input line 101.
LaTeX Font Info:    External font `cmex10' loaded for size
(Font)              <5> on input line 101.
<images/Q1.png, id=9, 217.81375pt x 95.35625pt>
File: images/Q1.png Graphic file (type png)
<use images/Q1.png>
Package pdftex.def Info: images/Q1.png  used on input line 104.
(pdftex.def)             Requested size: 130.68924pt x 57.21417pt.

Underfull \hbox (badness 10000) in paragraph at lines 110--112

 []

<images/Q2.png, id=11, 130.4875pt x 72.27pt>
File: images/Q2.png Graphic file (type png)
<use images/Q2.png>
Package pdftex.def Info: images/Q2.png  used on input line 133.
(pdftex.def)             Requested size: 78.29309pt x 43.36232pt.

Underfull \hbox (badness 10000) in paragraph at lines 139--143

 []

[2 <./images/Q1.png> <./images/Q2.png>]
<images/Q3.png, id=20, 130.4875pt x 72.27pt>
File: images/Q3.png Graphic file (type png)
<use images/Q3.png>
Package pdftex.def Info: images/Q3.png  used on input line 177.
(pdftex.def)             Requested size: 78.29309pt x 43.36232pt.

Underfull \hbox (badness 10000) in paragraph at lines 183--185

 []

<images/Q4.png, id=21, 130.4875pt x 95.35625pt>
File: images/Q4.png Graphic file (type png)
<use images/Q4.png>
Package pdftex.def Info: images/Q4.png  used on input line 206.
(pdftex.def)             Requested size: 78.29309pt x 57.21417pt.

Underfull \hbox (badness 10000) in paragraph at lines 212--214

 []

<images/Q5.png, id=22, 138.5175pt x 72.27pt>
File: images/Q5.png Graphic file (type png)
<use images/Q5.png>
Package pdftex.def Info: images/Q5.png  used on input line 236.
(pdftex.def)             Requested size: 83.11113pt x 43.36232pt.

Underfull \hbox (badness 10000) in paragraph at lines 242--244

 []

[3 <./images/Q3.png> <./images/Q4.png> <./images/Q5.png>]
<images/Q6.png, id=29, 138.5175pt x 49.18375pt>
File: images/Q6.png Graphic file (type png)
<use images/Q6.png>
Package pdftex.def Info: images/Q6.png  used on input line 267.
(pdftex.def)             Requested size: 83.11113pt x 29.51045pt.
<images/Q7.png, id=30, 236.885pt x 49.18375pt>
File: images/Q7.png Graphic file (type png)
<use images/Q7.png>
Package pdftex.def Info: images/Q7.png  used on input line 291.
(pdftex.def)             Requested size: 142.13208pt x 29.51045pt.
<images/Q8.png, id=31, 474.77374pt x 95.35625pt>
File: images/Q8.png Graphic file (type png)
<use images/Q8.png>
Package pdftex.def Info: images/Q8.png  used on input line 316.
(pdftex.def)             Requested size: 284.86644pt x 57.21417pt.
<images/Q9.png, id=32, 130.4875pt x 48.18pt>
File: images/Q9.png Graphic file (type png)
<use images/Q9.png>
Package pdftex.def Info: images/Q9.png  used on input line 342.
(pdftex.def)             Requested size: 78.29309pt x 28.9082pt.
 [4 <./images/Q6.png> <./images/Q7.png> <./images/Q8.png> <./images/Q9.png>]
<images/Q10.png, id=40, 130.4875pt x 72.27pt>
File: images/Q10.png Graphic file (type png)
<use images/Q10.png>
Package pdftex.def Info: images/Q10.png  used on input line 369.
(pdftex.def)             Requested size: 78.29309pt x 43.36232pt.
<images/Q11.png, id=41, 130.4875pt x 49.18375pt>
File: images/Q11.png Graphic file (type png)
<use images/Q11.png>
Package pdftex.def Info: images/Q11.png  used on input line 397.
(pdftex.def)             Requested size: 78.29309pt x 29.51045pt.
<images/Q12.png, id=42, 130.4875pt x 49.18375pt>
File: images/Q12.png Graphic file (type png)
<use images/Q12.png>
Package pdftex.def Info: images/Q12.png  used on input line 426.
(pdftex.def)             Requested size: 78.29309pt x 29.51045pt.
<images/Q13.png, id=43, 350.30875pt x 95.35625pt>
File: images/Q13.png Graphic file (type png)
<use images/Q13.png>
Package pdftex.def Info: images/Q13.png  used on input line 451.
(pdftex.def)             Requested size: 210.18686pt x 57.21417pt.
 [5 <./images/Q10.png> <./images/Q11.png> <./images/Q12.png>]
<images/Q14.png, id=50, 408.52625pt x 95.35625pt>
File: images/Q14.png Graphic file (type png)
<use images/Q14.png>
Package pdftex.def Info: images/Q14.png  used on input line 476.
(pdftex.def)             Requested size: 245.11765pt x 57.21417pt.
 [6 <./images/Q13.png> <./images/Q14.png>]
[7] (./TP1.aux) ) 
Here is how much of TeX's memory you used:
 4176 strings out of 481239
 56821 string characters out of 5920377
 632257 words of memory out of 5000000
 19423 multiletter control sequences out of 15000+600000
 536750 words of font info for 39 fonts, out of 8000000 for 9000
 1141 hyphenation exceptions out of 8191
 30i,11n,42p,216b,1696s stack positions out of 5000i,500n,10000p,200000b,80000s
{/usr/share/texmf/fonts/enc/dvips/cm-super/cm-super-ts1.enc}</
usr/share/texlive/texmf-dist/fonts/type1/public/amsfonts/cm/cmbx12.pfb></usr/sh
are/texlive/texmf-dist/fonts/type1/public/amsfonts/cm/cmr10.pfb></usr/share/tex
live/texmf-dist/fonts/type1/public/amsfonts/cm/cmr12.pfb></usr/share/texlive/te
xmf-dist/fonts/type1/public/amsfonts/cm/cmr17.pfb></usr/share/texlive/texmf-dis
t/fonts/type1/public/amsfonts/cm/cmtt8.pfb></usr/share/texmf/fonts/type1/public
/cm-super/sftt0800.pfb>
Output written on TP1.pdf (7 pages, 123973 bytes).
PDF statistics:
 82 PDF objects out of 1000 (max. 8388607)
 38 compressed objects within 1 object stream
 0 named destinations out of 1000 (max. 500000)
 71 words of extra memory for PDF output out of 10000 (max. 10000000)

